{"bin": {"text": "182236", "total": "333852", "data": "20", "bss": "265600", "rodata": "75538"}, "date": "2017-03-22T15:36:57Z", "tests": [{"output": "uncaughtException: AssertionError: {}", "name": "assert_fail1.js", "result": "pass"}, {"output": "uncaughtException: AssertionError: {\"actual\":1,\"expected\":2,\"operator\":\"==\"}", "name": "assert_fail2.js", "result": "pass"}, {"output": "uncaughtException: AssertionError: {\"actual\":1,\"expected\":1,\"operator\":\"!=\"}", "name": "assert_fail3.js", "result": "pass"}, {"reason": "test is in read-only memory space", "name": "fs_callbacks_called.js", "result": "skip"}, {"name": "process_exit1.js", "result": "pass"}, {"output": "uncaughtException: AssertionError: {}", "name": "process_exit2.js", "result": "pass"}, {"output": "uncaughtException: AssertionError: {}", "name": "process_exitcode1.js", "result": "pass"}, {"output": "uncaughtException: AssertionError: {}", "name": "process_exitcode2.js", "result": "pass"}, {"output": "uncaughtException: Error: No module found", "name": "require_fail1.js", "result": "pass"}, {"output": "uncaughtException: TypeError", "name": "runtime_error1.js", "result": "pass"}, {"name": "syntax_fail1.js", "result": "timeout"}, {"output": "uncaughtException: Error: Uncaught 'error' event", "name": "uncaught_error_event.js", "result": "pass"}, {"reason": "need to setup test environment", "name": "test_adc.js", "result": "skip"}, {"name": "test_assert.js", "result": "pass"}, {"reason": "need to setup test environment", "name": "test_ble.js", "result": "skip"}, {"name": "test_buffer_builtin.js", "result": "pass"}, {"name": "test_buffer.js", "result": "pass"}, {"output": "Hello IoT.js!!<br>1<br>2<br>3<br>13<br>1,2,3<br>1 2 3<br>a 1 b 2 c 3", "name": "test_console.js", "result": "pass"}, {"reason": "this test had @STDOUT=COMMAND[pwd], but there's no way to check out current directory path with js driver. So it skips temporarily.", "name": "test_cwd.js", "result": "skip"}, {"reason": "need to setup test environment", "name": "test_dgram_1_server_1_client.js", "result": "skip"}, {"reason": "need to setup test environment", "name": "test_dgram_1_server_n_clients.js", "result": "skip"}, {"reason": "need to setup test environment", "name": "test_dgram_address.js", "result": "skip"}, {"reason": "need to setup test environment", "name": "test_dgram_broadcast.js", "result": "skip"}, {"reason": "need to setup test environment", "name": "test_dgram_multicast_membership.js", "result": "skip"}, {"reason": "need to setup test environment", "name": "test_dgram_multicast_set_multicast_loop.js", "result": "skip"}, {"reason": "not implemented for nuttx", "name": "test_dns.js", "result": "skip"}, {"reason": "not implemented for nuttx", "name": "test_events.js", "result": "skip"}, {"reason": "driver can not run with test which checks out process.exit events", "name": "test_exit.js", "result": "skip"}, {"reason": "not implemented for nuttx", "name": "test_fs_exists.js", "result": "skip"}, {"reason": "not implemented for nuttx", "name": "test_fs_existssync.js", "result": "skip"}, {"reason": "not implemented for nuttx", "name": "test_fs_mkdir_rmdir.js", "result": "skip"}, {"reason": "not implemented for nuttx", "name": "test_fs_open_close.js", "result": "skip"}, {"reason": "not implemented for nuttx", "name": "test_fs_readdir.js", "result": "skip"}, {"reason": "not implemented for nuttx", "name": "test_fs_readfile.js", "result": "skip"}, {"reason": "not implemented for nuttx", "name": "test_fs_readfilesync.js", "result": "skip"}, {"reason": "test is in read-only memory space", "name": "test_fs_rename.js", "result": "skip"}, {"reason": "test is in read-only memory space", "name": "test_fs_rename_sync.js", "result": "skip"}, {"reason": "not implemented for nuttx", "name": "test_fs_stat.js", "result": "skip"}, {"reason": "test is in read-only memory space", "name": "test_fs_writefile_unlink.js", "result": "skip"}, {"reason": "test is in read-only memory space", "name": "test_fs_writefile_unlink_sync.js", "result": "skip"}, {"reason": "not implemented for nuttx", "name": "test_fs.js", "result": "skip"}, {"reason": "not implemented for nuttx", "name": "test_fs1.js", "result": "skip"}, {"reason": "not implemented for nuttx", "name": "test_fs2.js", "result": "skip"}, {"reason": "needs hardware", "name": "test_gpio1.js", "result": "skip"}, {"reason": "need user input", "name": "test_gpio2.js", "result": "skip"}, {"reason": "not implemented for nuttx", "name": "test_http_get.js", "result": "skip"}, {"reason": "not implemented for nuttx", "name": "test_http_header.js", "result": "skip"}, {"reason": "not implemented for nuttx", "name": "test_httpclient_timeout.js", "result": "skip"}, {"reason": "not implemented for nuttx", "name": "test_httpclient_timeout2.js", "result": "skip"}, {"reason": "not implemented for nuttx", "name": "test_httpserver_timeout.js", "result": "skip"}, {"reason": "not implemented for nuttx", "name": "test_httpserver.js", "result": "skip"}, {"reason": "need to setup test environment", "name": "test_i2c.js", "result": "skip"}, {"reason": "not implemented for nuttx", "name": "test_module_cache.js", "result": "skip"}, {"name": "test_net1.js", "result": "pass"}, {"name": "test_net2.js", "result": "pass"}, {"reason": "requires too many socket descriptors and too large buffers", "name": "test_net3.js", "result": "skip"}, {"name": "test_net4.js", "result": "pass"}, {"name": "test_net5.js", "result": "pass"}, {"name": "test_net6.js", "result": "pass"}, {"reason": "requires too many socket descriptors", "name": "test_net7.js", "result": "skip"}, {"name": "test_net8.js", "result": "pass"}, {"name": "test_net9.js", "result": "pass"}, {"name": "test_net10.js", "result": "pass"}, {"name": "test_next_tick.js", "result": "pass"}, {"name": "test_process.js", "result": "pass"}, {"reason": "need to setup test environment", "name": "test_pwm.js", "result": "skip"}, {"name": "test_stream.js", "result": "pass"}, {"name": "test_timers.js", "result": "pass"}, {"name": "test_timers2.js", "result": "pass"}, {"reason": "need to setup test environment", "name": "test_uart.js", "result": "skip"}, {"name": "test_uncaught1.js", "result": "pass"}, {"name": "test_uncaught2.js", "result": "pass"}, {"name": "test_uncaught_error1.js", "result": "pass"}, {"name": "test_uncaught_error2.js", "result": "pass"}, {"name": "issue-133.js", "result": "pass"}, {"output": "hello world<br>1<br>19<br>null<br>true<br>false<br>undefined<br>0.09<br>NaN<br>function(){/* ecmascript */}<br>function(){/* ecmascript */}<br>[object Object]<br>[object Object]<br><br>1,2,3<br>1+10=11<br>2+10=12<br>3+10=13<br>4+10=14<br>5+10=15", "name": "issue-137.js", "result": "pass"}, {"name": "issue-198.js", "result": "pass"}, {"name": "issue-223.js", "result": "pass"}, {"output": "uncaughtException: Error: read error: -107", "name": "issue-266.js", "result": "fail"}, {"name": "issue-323.js", "result": "pass"}], "submodules": {"iotjs": {"date": "Tue Mar 21 10:45:43 2017 +0100", "commit": "4fbcb60e64ee65b6fce3b0e574e140ed771c8c8c", "message": "Eliminate shadow declarations (#681)", "author": "Zsolt Borb\u00e9ly <zsborbely.u-szeged@partner.samsung.com>"}, "nuttx": {"date": "Mon Dec 26 13:46:34 2016 -0600", "commit": "02146758ef15b4120ab76fc9c7b54a1a0defd6d8", "message": "Update Documentation as prep for NuttX-7.19 release.", "author": "Gregory Nutt <gnutt@nuttx.org>"}, "apps": {"date": "Mon Dec 26 12:39:26 2016 -0600", "commit": "5291d3e9bcdb7b1a92e0682e6e2d5754e9ba08f9", "message": "Update ChangeLog", "author": "Gregory Nutt <gnutt@nuttx.org>"}}}